MATLAB is selecting SOFTWARE OPENGL rendering.

                            < M A T L A B (R) >
                  Copyright 1984-2017 The MathWorks, Inc.
                   R2017a (9.2.0.538062) 64-bit (glnxa64)
                             February 23, 2017

 
To get started, type one of these: helpwin, helpdesk, or demo.
For product information, visit www.mathworks.com.
 
Starting parallel pool (parpool) using the 'local' profile ...
[Warning: The system time zone setting, 'US/Central', does not specify a single
time zone unambiguously. It will be treated as 'America/Chicago'. See the <a
href="matlab:doc('datetime.TimeZone')">datetime.TimeZone property</a> for
details about specifying time zones.] 
[> In verifyTimeZone (line 23)
  In datetime (line 515)
  In parallel.internal.cluster.DefaultProperties.getNewJobPropStruct (line 16)
  In parallel.internal.cluster.CJSSupport/buildJob (line 158)
  In parallel.cluster.CJSCluster/buildCommunicatingJob (line 465)
  In parallel.Cluster/createCommunicatingJob (line 92)
  In parallel.internal.pool.InteractiveClient>iCreateCommunicatingJob (line 715)
  In parallel.internal.pool.InteractiveClient/start (line 325)
  In parallel.Pool>iStartClient (line 593)
  In parallel.Pool.hBuildPool (line 472)
  In parallel.internal.pool.doParpool (line 18)
  In parpool (line 89)
  In u1 (line 1)] 
connected to 24 workers.

ans = 

 Pool with properties: 

            Connected: true
           NumWorkers: 24
              Cluster: local
        AttachedFiles: {}
          IdleTimeout: 30 minutes (30 minutes remaining)
          SpmdEnabled: true


p_value =

   4.8309e-67


p_value =

   4.8309e-67


p_value =

   4.8309e-67


p_value =

   4.8309e-67


p_value =

   4.8309e-67


p_value =

   4.8309e-67


p_value =

   4.8309e-67


p_value =

   4.8309e-67


p_value =

   2.2922e-63


p_value =

   4.8309e-67


p_value =

   4.8309e-67


p_value =

   2.2922e-63


p_value =

   4.8309e-67


p_value =

   4.8309e-67


p_value =

   2.2922e-63


p_value =

   2.2922e-63


p_value =

   4.8309e-67


p_value =

   4.8309e-67


p_value =

   4.8309e-67


p_value =

   4.8309e-67


p_value =

   2.2922e-63


p_value =

   4.5532e-66


p_value =

   6.7201e-67


p_value =

   4.8309e-67


p_value =

   3.0172e-22


p_value =

   1.3965e-04


p_value =

   1.3965e-04


p_value =

   1.3965e-04


p_value =

   2.1654e-10


p_value =

   6.5781e-04


p_value =

   1.9292e-15


p_value =

   2.1654e-10


p_value =

    0.1420


p_value =

   1.9292e-15


p_value =

   2.6187e-13


p_value =

   1.8919e-11


p_value =

   2.6187e-13


p_value =

   1.8919e-11


p_value =

   2.6187e-13


p_value =

   2.6187e-13


p_value =

   1.8919e-11


p_value =

   1.8919e-11


p_value =

    0.1420


p_value =

   1.8919e-11


p_value =

   2.6187e-13


p_value =

    0.2860


p_value =

    0.0011


p_value =

   6.1760e-11


p_value =

    0.2215


p_value =

    0.2215


p_value =

    0.0261


p_value =

    0.0261


p_value =

    0.0261


p_value =

    0.1233


p_value =

    0.8603


p_value =

    0.1233


p_value =

    0.1760


p_value =

    0.1760


p_value =

    0.1760


p_value =

   2.3913e-05


p_value =

    0.1760


p_value =

   2.3913e-05


p_value =

   4.8371e-04


p_value =

   2.3913e-05


p_value =

   2.3913e-05


p_value =

    0.1760


p_value =

   2.3913e-05


p_value =

    0.0254


p_value =

    0.2386


p_value =

   1.1452e-65


p_value =

   4.8309e-67


p_value =

    0.1190


p_value =

   4.8309e-67


p_value =

    0.1190


p_value =

    0.1190


p_value =

    0.1190


p_value =

    0.1190


p_value =

   1.8315e-05


p_value =

   4.8309e-67


p_value =

   4.8309e-67


p_value =

   4.8309e-67


p_value =

   4.8309e-67


p_value =

   4.8309e-67


p_value =

   4.8309e-67


p_value =

   1.0476e-65


p_value =

   4.8309e-67


p_value =

   9.0290e-66


p_value =

   4.8309e-67


p_value =

   4.8309e-67


p_value =

   4.8685e-04


p_value =

    0.6879


p_value =

   1.0056e-04


p_value =

   2.5895e-65


p_value =

    0.0894


p_value =

   9.3971e-04


p_value =

    0.0055


p_value =

   1.8391e-10


p_value =

    0.4572


p_value =

   6.0824e-22


p_value =

   6.8717e-38


p_value =

    0.0443


p_value =

   2.9434e-04


p_value =

   9.4408e-66


p_value =

   1.2653e-19


p_value =

    0.0103


p_value =

   4.4730e-06


p_value =

    0.2629


p_value =

    0.0161


p_value =

    0.1320


p_value =

   1.6549e-05


p_value =

    0.8657


p_value =

   9.1809e-12


p_value =

    0.0099


p_value =

    0.7440


p_value =

    0.1049


p_value =

    0.1265


p_value =

    0.6904


p_value =

    0.2228


p_value =

   5.5201e-04


p_value =

    0.0475


p_value =

    0.0085


p_value =

    0.0154


p_value =

    0.0783

