MATLAB is selecting SOFTWARE OPENGL rendering.

                            < M A T L A B (R) >
                  Copyright 1984-2017 The MathWorks, Inc.
                   R2017a (9.2.0.538062) 64-bit (glnxa64)
                             February 23, 2017

 
To get started, type one of these: helpwin, helpdesk, or demo.
For product information, visit www.mathworks.com.
 
Starting parallel pool (parpool) using the 'local' profile ...
[Warning: The system time zone setting, 'US/Central', does not specify a single
time zone unambiguously. It will be treated as 'America/Chicago'. See the <a
href="matlab:doc('datetime.TimeZone')">datetime.TimeZone property</a> for
details about specifying time zones.] 
[> In verifyTimeZone (line 23)
  In datetime (line 515)
  In parallel.internal.cluster.DefaultProperties.getNewJobPropStruct (line 16)
  In parallel.internal.cluster.CJSSupport/buildJob (line 158)
  In parallel.cluster.CJSCluster/buildCommunicatingJob (line 465)
  In parallel.Cluster/createCommunicatingJob (line 92)
  In parallel.internal.pool.InteractiveClient>iCreateCommunicatingJob (line 715)
  In parallel.internal.pool.InteractiveClient/start (line 325)
  In parallel.Pool>iStartClient (line 593)
  In parallel.Pool.hBuildPool (line 472)
  In parallel.internal.pool.doParpool (line 18)
  In parpool (line 89)
  In u6 (line 1)] 
connected to 24 workers.

ans = 

 Pool with properties: 

            Connected: true
           NumWorkers: 24
              Cluster: local
        AttachedFiles: {}
          IdleTimeout: 30 minutes (30 minutes remaining)
          SpmdEnabled: true


p_value =

   4.8309e-67


p_value =

   4.8309e-67


p_value =

   4.8309e-67


p_value =

   4.8309e-67


p_value =

   4.8309e-67


p_value =

   4.8309e-67


p_value =

   4.8309e-67


p_value =

   4.8309e-67


p_value =

   4.8309e-67


p_value =

   4.8309e-67


p_value =

   4.8309e-67


p_value =

   4.8309e-67


p_value =

   4.8309e-67


p_value =

   4.8309e-67


p_value =

   4.8309e-67


p_value =

   4.8309e-67


p_value =

   4.8309e-67


p_value =

   4.8309e-67


p_value =

   4.8309e-67


p_value =

   4.8309e-67


p_value =

   4.8309e-67


p_value =

   4.8309e-67


p_value =

   4.8309e-67


p_value =

   4.8309e-67


p_value =

   2.4710e-09


p_value =

   2.4710e-09


p_value =

   1.1205e-06


p_value =

   1.1205e-06


p_value =

   3.5667e-29


p_value =

   1.1205e-06


p_value =

    0.0316


p_value =

    0.0316


p_value =

    0.0316


p_value =

   1.1205e-06


p_value =

    0.0316


p_value =

   9.8228e-07


p_value =

    0.0316


p_value =

    0.6107


p_value =

   1.0945e-12


p_value =

   1.0945e-12


p_value =

   1.0945e-12


p_value =

   1.1205e-06


p_value =

   1.1205e-06


p_value =

    0.0316


p_value =

   1.0945e-12


p_value =

   1.0945e-12


p_value =

   1.0945e-12


p_value =

   1.0945e-12


p_value =

    0.4806


p_value =

    0.4806


p_value =

    0.3338


p_value =

    0.3338


p_value =

    0.3338


p_value =

   5.8866e-10


p_value =

    0.3338


p_value =

    0.0099


p_value =

    0.3338


p_value =

    0.3338


p_value =

    0.7013


p_value =

    0.7013


p_value =

    0.7013


p_value =

    0.7013


p_value =

    0.7013


p_value =

   4.8309e-67


p_value =

    0.7013


p_value =

   4.8309e-67


p_value =

    0.7013


p_value =

   4.8309e-67


p_value =

   4.8309e-67


p_value =

   4.8309e-67


p_value =

   6.8216e-67


p_value =

   4.8309e-67


p_value =

    0.3243


p_value =

   4.8309e-67


p_value =

    0.2767


p_value =

   4.8309e-67


p_value =

   4.2677e-05


p_value =

   2.6781e-20


p_value =

   4.8309e-67


p_value =

   2.0291e-04


p_value =

   4.8309e-67


p_value =

   4.8309e-67


p_value =

   9.7815e-04


p_value =

   3.7760e-18


p_value =

    0.0330


p_value =

   3.2522e-63


p_value =

   4.8309e-67


p_value =

   1.9488e-16


p_value =

   4.8309e-67


p_value =

   4.8309e-67


p_value =

   1.0274e-04


p_value =

   3.8656e-09


p_value =

    0.1821


p_value =

    0.0823


p_value =

    0.0211


p_value =

   8.1689e-05


p_value =

    0.5434


p_value =

   1.7657e-13


p_value =

    0.1615


p_value =

    0.0195


p_value =

   1.7538e-08


p_value =

   6.0468e-09


p_value =

    0.0251


p_value =

    0.0149


p_value =

    0.0026


p_value =

    0.8150


p_value =

    0.0078


p_value =

   3.6164e-04


p_value =

    0.9810


p_value =

    0.0571


p_value =

    0.1134


p_value =

    0.7109


p_value =

    0.1749


p_value =

    0.0332

