MATLAB is selecting SOFTWARE OPENGL rendering.

                            < M A T L A B (R) >
                  Copyright 1984-2017 The MathWorks, Inc.
                   R2017a (9.2.0.538062) 64-bit (glnxa64)
                             February 23, 2017

 
To get started, type one of these: helpwin, helpdesk, or demo.
For product information, visit www.mathworks.com.
 
Starting parallel pool (parpool) using the 'local' profile ...
[Warning: The system time zone setting, 'US/Central', does not specify a single
time zone unambiguously. It will be treated as 'America/Chicago'. See the <a
href="matlab:doc('datetime.TimeZone')">datetime.TimeZone property</a> for
details about specifying time zones.] 
[> In verifyTimeZone (line 23)
  In datetime (line 515)
  In parallel.internal.cluster.DefaultProperties.getNewJobPropStruct (line 16)
  In parallel.internal.cluster.CJSSupport/buildJob (line 158)
  In parallel.cluster.CJSCluster/buildCommunicatingJob (line 465)
  In parallel.Cluster/createCommunicatingJob (line 92)
  In parallel.internal.pool.InteractiveClient>iCreateCommunicatingJob (line 715)
  In parallel.internal.pool.InteractiveClient/start (line 325)
  In parallel.Pool>iStartClient (line 593)
  In parallel.Pool.hBuildPool (line 472)
  In parallel.internal.pool.doParpool (line 18)
  In parpool (line 89)
  In u12 (line 1)] 
connected to 24 workers.

ans = 

 Pool with properties: 

            Connected: true
           NumWorkers: 24
              Cluster: local
        AttachedFiles: {}
          IdleTimeout: 30 minutes (30 minutes remaining)
          SpmdEnabled: true


p_value =

   1.5461e-64


p_value =

   9.5822e-66


p_value =

   1.5461e-64


p_value =

   9.5822e-66


p_value =

   1.5461e-64


p_value =

   1.5461e-64


p_value =

   9.5413e-64


p_value =

   9.5413e-64


p_value =

   9.5413e-64


p_value =

   4.8309e-67


p_value =

   4.7613e-66


p_value =

   1.6502e-66


p_value =

   5.5295e-67


p_value =

   4.7613e-66


p_value =

   9.5413e-64


p_value =

   1.6502e-66


p_value =

   4.8309e-67


p_value =

   4.8309e-67


p_value =

   4.8309e-67


p_value =

   4.8309e-67


p_value =

   4.8309e-67


p_value =

   4.8309e-67


p_value =

   1.4908e-55


p_value =

   1.4908e-55


p_value =

   1.6052e-09


p_value =

   1.6052e-09


p_value =

   1.3881e-31


p_value =

   6.6343e-63


p_value =

   7.3069e-20


p_value =

   7.4464e-32


p_value =

   3.3045e-36


p_value =

   1.3881e-31


p_value =

   7.3069e-20


p_value =

   1.3881e-31


p_value =

   4.7931e-64


p_value =

   1.3881e-31


p_value =

   7.4464e-32


p_value =

   4.7931e-64


p_value =

   4.7931e-64


p_value =

   4.7931e-64


p_value =

   4.7931e-64


p_value =

   4.7931e-64


p_value =

   5.4260e-29


p_value =

   5.4260e-29


p_value =

   5.4260e-29


p_value =

   1.9780e-21


p_value =

   1.9780e-21


p_value =

   5.4260e-29


p_value =

   2.9576e-40


p_value =

   4.2202e-05


p_value =

   2.9576e-40


p_value =

   2.2399e-05


p_value =

   2.2399e-05


p_value =

   3.1422e-11


p_value =

   9.5098e-11


p_value =

    0.0074


p_value =

   9.5098e-11


p_value =

   9.5098e-11


p_value =

   4.7501e-07


p_value =

   9.5098e-11


p_value =

   9.5098e-11


p_value =

   9.5098e-11


p_value =

   4.7501e-07


p_value =

    0.0074


p_value =

   4.2246e-15


p_value =

   4.7501e-07


p_value =

   4.7501e-07


p_value =

   4.2246e-15


p_value =

   4.2246e-15


p_value =

   1.9786e-23


p_value =

   1.9786e-23


p_value =

   4.2246e-15


p_value =

   3.2422e-07


p_value =

   3.2422e-07


p_value =

    0.7963


p_value =

    0.3554


p_value =

    0.7796


p_value =

    0.1176


p_value =

    0.7796


p_value =

    0.1864


p_value =

    0.1864


p_value =

    0.1864


p_value =

    0.2218


p_value =

    0.1176


p_value =

    0.1864


p_value =

    0.1864


p_value =

   1.9407e-04


p_value =

    0.1864


p_value =

   1.9407e-04


p_value =

    0.2376


p_value =

    0.2218


p_value =

    0.2218


p_value =

   1.9407e-04


p_value =

   1.9407e-04


p_value =

    0.2376


p_value =

    0.2218


p_value =

    0.3451


p_value =

    0.3451


p_value =

    0.0802


p_value =

    0.0802


p_value =

    0.0802


p_value =

    0.0802


p_value =

   4.8309e-67


p_value =

   1.2338e-60


p_value =

   1.4642e-66


p_value =

   4.5530e-49


p_value =

   4.9781e-67


p_value =

   4.8309e-67


p_value =

   4.8309e-67


p_value =

   1.3707e-62


p_value =

   1.1353e-66


p_value =

   5.0534e-67


p_value =

   4.8309e-67


p_value =

   1.2217e-58


p_value =

   4.8309e-67


p_value =

   1.4862e-66


p_value =

   8.1226e-64


p_value =

   4.8309e-67


p_value =

   7.3320e-66


p_value =

   1.0629e-43


p_value =

   2.4810e-32


p_value =

   2.3384e-46


p_value =

   2.0848e-53


p_value =

   8.7379e-15


p_value =

   2.2677e-43


p_value =

   2.6628e-34


p_value =

   1.7612e-54


p_value =

   1.5691e-64


p_value =

   8.8465e-49


p_value =

   8.1509e-27


p_value =

   2.8081e-34


p_value =

   1.1113e-37


p_value =

   1.4297e-39


p_value =

   9.7026e-21


p_value =

    0.0177


p_value =

    0.0156


p_value =

    0.0011


p_value =

   6.2128e-27


p_value =

   5.0758e-30


p_value =

   1.5302e-05


p_value =

   6.8331e-15


p_value =

   5.0598e-07


p_value =

    0.0018


p_value =

   3.8195e-06


p_value =

   3.6075e-25


p_value =

   1.2849e-40


p_value =

   1.9160e-24


p_value =

   4.6526e-04


p_value =

    0.0184


p_value =

    0.0157


p_value =

    0.0577


p_value =

   5.8669e-05


p_value =

   3.9989e-07


p_value =

    0.8238


p_value =

   3.2100e-04


p_value =

    0.8930


p_value =

    0.0649


p_value =

   6.8254e-10


p_value =

    0.0048


p_value =

    0.1044


p_value =

    0.9081


p_value =

    0.9170


p_value =

   1.9421e-06


p_value =

    0.2581


p_value =

    0.5151


p_value =

    0.6987


p_value =

    0.6777


p_value =

    0.0224

