MATLAB is selecting SOFTWARE OPENGL rendering.

                            < M A T L A B (R) >
                  Copyright 1984-2017 The MathWorks, Inc.
                   R2017a (9.2.0.538062) 64-bit (glnxa64)
                             February 23, 2017

 
To get started, type one of these: helpwin, helpdesk, or demo.
For product information, visit www.mathworks.com.
 
Starting parallel pool (parpool) using the 'local' profile ...
[Warning: The system time zone setting, 'US/Central', does not specify a single
time zone unambiguously. It will be treated as 'America/Chicago'. See the <a
href="matlab:doc('datetime.TimeZone')">datetime.TimeZone property</a> for
details about specifying time zones.] 
[> In verifyTimeZone (line 23)
  In datetime (line 515)
  In parallel.internal.cluster.DefaultProperties.getNewJobPropStruct (line 16)
  In parallel.internal.cluster.CJSSupport/buildJob (line 158)
  In parallel.cluster.CJSCluster/buildCommunicatingJob (line 465)
  In parallel.Cluster/createCommunicatingJob (line 92)
  In parallel.internal.pool.InteractiveClient>iCreateCommunicatingJob (line 715)
  In parallel.internal.pool.InteractiveClient/start (line 325)
  In parallel.Pool>iStartClient (line 593)
  In parallel.Pool.hBuildPool (line 472)
  In parallel.internal.pool.doParpool (line 18)
  In parpool (line 89)
  In u11 (line 1)] 
connected to 24 workers.

ans = 

 Pool with properties: 

            Connected: true
           NumWorkers: 24
              Cluster: local
        AttachedFiles: {}
          IdleTimeout: 30 minutes (30 minutes remaining)
          SpmdEnabled: true


p_value =

   3.4085e-61


p_value =

   4.8309e-67


p_value =

   4.8309e-67


p_value =

   4.8309e-67


p_value =

   9.8713e-66


p_value =

   9.8713e-66


p_value =

   9.8713e-66


p_value =

   4.8309e-67


p_value =

   9.8713e-66


p_value =

   9.8713e-66


p_value =

   9.8713e-66


p_value =

   4.8309e-67


p_value =

   9.8713e-66


p_value =

   9.8713e-66


p_value =

   9.8713e-66


p_value =

   1.7394e-64


p_value =

   1.7394e-64


p_value =

   1.7394e-64


p_value =

   1.7394e-64


p_value =

   1.7394e-64


p_value =

   1.7394e-64


p_value =

   1.7394e-64


p_value =

   1.7394e-64


p_value =

   1.7394e-64


p_value =

   7.1323e-05


p_value =

    0.0555


p_value =

   4.7670e-04


p_value =

    0.0555


p_value =

   4.7670e-04


p_value =

   4.7670e-04


p_value =

    0.0555


p_value =

   4.7670e-04


p_value =

   4.7670e-04


p_value =

   4.7670e-04


p_value =

    0.0555


p_value =

   4.7670e-04


p_value =

   4.7670e-04


p_value =

    0.0555


p_value =

   4.7670e-04


p_value =

   2.2525e-36


p_value =

   2.2525e-36


p_value =

   2.2525e-36


p_value =

   2.2525e-36


p_value =

   2.2525e-36


p_value =

   2.2525e-36


p_value =

   2.2525e-36


p_value =

   2.2525e-36


p_value =

   2.2525e-36


p_value =

    0.0184


p_value =

   4.8309e-67


p_value =

   4.8309e-67


p_value =

   1.2335e-65


p_value =

    0.2216


p_value =

    0.2216


p_value =

    0.0256


p_value =

   2.3972e-41


p_value =

    0.0256


p_value =

    0.2216


p_value =

    0.0256


p_value =

    0.2216


p_value =

    0.2216


p_value =

    0.2216


p_value =

    0.2216


p_value =

    0.0256


p_value =

    0.0256


p_value =

   6.3183e-66


p_value =

    0.0256


p_value =

    0.0256


p_value =

    0.0256


p_value =

    0.2216


p_value =

    0.2216


p_value =

    0.0256


p_value =

   4.8309e-67


p_value =

    0.0078


p_value =

   2.7973e-12


p_value =

   4.8309e-67


p_value =

   4.4116e-65


p_value =

    0.0250


p_value =

    0.5469


p_value =

   4.8309e-67


p_value =

   4.8309e-67


p_value =

   8.6909e-46


p_value =

   1.5461e-64


p_value =

   2.9530e-64


p_value =

   4.8309e-67


p_value =

   5.3388e-60


p_value =

    0.0075


p_value =

   8.2789e-58


p_value =

    0.4259


p_value =

    0.9177


p_value =

    0.0110


p_value =

    0.1519


p_value =

   1.0891e-05


p_value =

   2.2647e-10


p_value =

    0.5286


p_value =

    0.0026


p_value =

    0.1104


p_value =

    0.5457


p_value =

    0.9603


p_value =

    0.0194


p_value =

   3.2309e-06


p_value =

   1.6810e-05


p_value =

    0.0966


p_value =

    0.9177


p_value =

    0.3082


p_value =

    0.2424


p_value =

    0.9983

