MATLAB is selecting SOFTWARE OPENGL rendering.

                            < M A T L A B (R) >
                  Copyright 1984-2017 The MathWorks, Inc.
                   R2017a (9.2.0.538062) 64-bit (glnxa64)
                             February 23, 2017

 
To get started, type one of these: helpwin, helpdesk, or demo.
For product information, visit www.mathworks.com.
 
Starting parallel pool (parpool) using the 'local' profile ...
[Warning: The system time zone setting, 'US/Central', does not specify a single
time zone unambiguously. It will be treated as 'America/Chicago'. See the <a
href="matlab:doc('datetime.TimeZone')">datetime.TimeZone property</a> for
details about specifying time zones.] 
[> In verifyTimeZone (line 23)
  In datetime (line 515)
  In parallel.internal.cluster.DefaultProperties.getNewJobPropStruct (line 16)
  In parallel.internal.cluster.CJSSupport/buildJob (line 158)
  In parallel.cluster.CJSCluster/buildCommunicatingJob (line 465)
  In parallel.Cluster/createCommunicatingJob (line 92)
  In parallel.internal.pool.InteractiveClient>iCreateCommunicatingJob (line 715)
  In parallel.internal.pool.InteractiveClient/start (line 325)
  In parallel.Pool>iStartClient (line 593)
  In parallel.Pool.hBuildPool (line 472)
  In parallel.internal.pool.doParpool (line 18)
  In parpool (line 89)
  In u7 (line 1)] 
connected to 24 workers.

ans = 

 Pool with properties: 

            Connected: true
           NumWorkers: 24
              Cluster: local
        AttachedFiles: {}
          IdleTimeout: 30 minutes (30 minutes remaining)
          SpmdEnabled: true


p_value =

   4.8309e-67


p_value =

   4.8309e-67


p_value =

   4.8309e-67


p_value =

   1.0072e-66


p_value =

   4.8309e-67


p_value =

   1.0072e-66


p_value =

   4.8309e-67


p_value =

   4.8309e-67


p_value =

   4.8309e-67


p_value =

   1.0072e-66


p_value =

   4.8309e-67


p_value =

   1.3344e-64


p_value =

   1.3344e-64


p_value =

   1.3344e-64


p_value =

   4.8309e-67


p_value =

   1.3344e-64


p_value =

   4.8309e-67


p_value =

   4.8309e-67


p_value =

   4.8309e-67


p_value =

   4.8309e-67


p_value =

   4.8309e-67


p_value =

   4.8309e-67


p_value =

   4.8309e-67


p_value =

   4.8309e-67


p_value =

    0.0015


p_value =

   4.1576e-05


p_value =

    0.4027


p_value =

    0.1876


p_value =

   4.1576e-05


p_value =

    0.4027


p_value =

    0.4027


p_value =

    0.4027


p_value =

    0.1876


p_value =

   4.3969e-05


p_value =

    0.1876


p_value =

   1.2703e-04


p_value =

   1.2703e-04


p_value =

   1.2703e-04


p_value =

   5.3587e-26


p_value =

   1.2703e-04


p_value =

   5.3587e-26


p_value =

   4.2359e-21


p_value =

   4.2359e-21


p_value =

   4.2359e-21


p_value =

   4.2359e-21


p_value =

   4.2359e-21


p_value =

   4.2359e-21


p_value =

   4.2359e-21


p_value =

    0.6297


p_value =

    0.7796


p_value =

    0.7796


p_value =

    0.0386


p_value =

    0.7796


p_value =

    0.3218


p_value =

    0.0386


p_value =

    0.7796


p_value =

    0.7770


p_value =

    0.1678


p_value =

    0.1678


p_value =

    0.7770


p_value =

    0.1678


p_value =

    0.1678


p_value =

    0.1678


p_value =

    0.1678


p_value =

    0.1678


p_value =

   4.8309e-67


p_value =

   4.8309e-67


p_value =

   4.8309e-67


p_value =

   4.8309e-67


p_value =

   6.6068e-66


p_value =

   4.8309e-67


p_value =

   4.8309e-67


p_value =

    0.3482


p_value =

   2.4470e-05


p_value =

    0.0162


p_value =

   4.8309e-67


p_value =

   4.8309e-67


p_value =

   8.6766e-10


p_value =

    0.0015


p_value =

   4.8309e-67


p_value =

   4.8309e-67


p_value =

   2.8777e-07


p_value =

   4.8309e-67


p_value =

    0.1684


p_value =

   4.8309e-67


p_value =

   4.8309e-67


p_value =

   7.1342e-63


p_value =

   7.8981e-66


p_value =

   4.0933e-08


p_value =

    0.0163


p_value =

    0.2714


p_value =

    0.0245


p_value =

    0.1106


p_value =

   5.0487e-08


p_value =

    0.0017


p_value =

    0.0933


p_value =

   1.4014e-04


p_value =

    0.0214


p_value =

   4.9262e-11


p_value =

    0.8177


p_value =

   2.9774e-23


p_value =

    0.8305


p_value =

    0.7651


p_value =

    0.0073


p_value =

   1.8709e-07


p_value =

   2.9209e-21


p_value =

    0.0463


p_value =

    0.0185


p_value =

    0.4747


p_value =

   7.4952e-06


p_value =

    0.0065


p_value =

    0.2278

