MATLAB is selecting SOFTWARE OPENGL rendering.

                            < M A T L A B (R) >
                  Copyright 1984-2017 The MathWorks, Inc.
                   R2017a (9.2.0.538062) 64-bit (glnxa64)
                             February 23, 2017

 
To get started, type one of these: helpwin, helpdesk, or demo.
For product information, visit www.mathworks.com.
 
Starting parallel pool (parpool) using the 'local' profile ...
[Warning: The system time zone setting, 'US/Central', does not specify a single
time zone unambiguously. It will be treated as 'America/Chicago'. See the <a
href="matlab:doc('datetime.TimeZone')">datetime.TimeZone property</a> for
details about specifying time zones.] 
[> In verifyTimeZone (line 23)
  In datetime (line 515)
  In parallel.internal.cluster.DefaultProperties.getNewJobPropStruct (line 16)
  In parallel.internal.cluster.CJSSupport/buildJob (line 158)
  In parallel.cluster.CJSCluster/buildCommunicatingJob (line 465)
  In parallel.Cluster/createCommunicatingJob (line 92)
  In parallel.internal.pool.InteractiveClient>iCreateCommunicatingJob (line 715)
  In parallel.internal.pool.InteractiveClient/start (line 325)
  In parallel.Pool>iStartClient (line 593)
  In parallel.Pool.hBuildPool (line 472)
  In parallel.internal.pool.doParpool (line 18)
  In parpool (line 89)
  In u4 (line 1)] 
connected to 24 workers.

ans = 

 Pool with properties: 

            Connected: true
           NumWorkers: 24
              Cluster: local
        AttachedFiles: {}
          IdleTimeout: 30 minutes (30 minutes remaining)
          SpmdEnabled: true


p_value =

   1.1654e-60


p_value =

   1.1654e-60


p_value =

   1.0137e-39


p_value =

   2.7218e-13


p_value =

   2.2351e-23


p_value =

   1.0137e-39


p_value =

   2.2351e-23


p_value =

   2.2351e-23


p_value =

   2.7218e-13


p_value =

   2.2351e-23


p_value =

   3.3832e-51


p_value =

   1.0137e-39


p_value =

   4.7519e-23


p_value =

   3.3832e-51


p_value =

   3.3832e-51


p_value =

   1.2587e-36


p_value =

   6.4964e-21


p_value =

   6.4964e-21


p_value =

   6.4964e-21


p_value =

   6.4964e-21


p_value =

   6.4964e-21


p_value =

   5.9174e-15


p_value =

   6.4964e-21


p_value =

   3.3832e-51


p_value =

   5.3156e-22


p_value =

   5.3156e-22


p_value =

    0.8671


p_value =

   9.3084e-44


p_value =

    0.0068


p_value =

   1.6423e-06


p_value =

    0.8671


p_value =

    0.8671


p_value =

    0.0068


p_value =

   9.3084e-44


p_value =

   9.3084e-44


p_value =

   1.6423e-06


p_value =

   1.6423e-06


p_value =

   5.9081e-18


p_value =

   3.6329e-06


p_value =

   9.3084e-44


p_value =

   1.6423e-06


p_value =

    0.7903


p_value =

    0.7903


p_value =

    0.2147


p_value =

    0.7903


p_value =

    0.7903


p_value =

    0.7903


p_value =

    0.7903


p_value =

    0.0085


p_value =

    0.0085


p_value =

   8.1951e-13


p_value =

    0.7591


p_value =

   8.1951e-13


p_value =

    0.7591


p_value =

   8.1951e-13


p_value =

    0.5492


p_value =

    0.9879


p_value =

   8.1951e-13


p_value =

    0.5492


p_value =

    0.0906


p_value =

    0.5492


p_value =

    0.5492


p_value =

   5.9120e-31


p_value =

    0.0136


p_value =

    0.0136


p_value =

   1.2699e-20


p_value =

   3.9017e-40


p_value =

   8.2577e-05


p_value =

   1.3909e-29


p_value =

   1.9069e-22


p_value =

   8.2577e-05


p_value =

   2.1122e-38


p_value =

   3.4511e-11


p_value =

   8.2577e-05


p_value =

   1.1650e-15


p_value =

   6.3286e-54


p_value =

   8.2577e-05


p_value =

   2.5779e-09


p_value =

    0.3585


p_value =

   1.5704e-42


p_value =

   1.6375e-25


p_value =

    0.3585


p_value =

    0.3585


p_value =

   5.7795e-17


p_value =

    0.3585


p_value =

   5.4808e-10


p_value =

   1.1867e-18


p_value =

   5.0780e-33


p_value =

    0.0053


p_value =

    0.0028


p_value =

    0.0429

