MATLAB is selecting SOFTWARE OPENGL rendering.

                            < M A T L A B (R) >
                  Copyright 1984-2017 The MathWorks, Inc.
                   R2017a (9.2.0.538062) 64-bit (glnxa64)
                             February 23, 2017

 
To get started, type one of these: helpwin, helpdesk, or demo.
For product information, visit www.mathworks.com.
 
Starting parallel pool (parpool) using the 'local' profile ...
[Warning: The system time zone setting, 'US/Central', does not specify a single
time zone unambiguously. It will be treated as 'America/Chicago'. See the <a
href="matlab:doc('datetime.TimeZone')">datetime.TimeZone property</a> for
details about specifying time zones.] 
[> In verifyTimeZone (line 23)
  In datetime (line 515)
  In parallel.internal.cluster.DefaultProperties.getNewJobPropStruct (line 16)
  In parallel.internal.cluster.CJSSupport/buildJob (line 158)
  In parallel.cluster.CJSCluster/buildCommunicatingJob (line 465)
  In parallel.Cluster/createCommunicatingJob (line 92)
  In parallel.internal.pool.InteractiveClient>iCreateCommunicatingJob (line 715)
  In parallel.internal.pool.InteractiveClient/start (line 325)
  In parallel.Pool>iStartClient (line 593)
  In parallel.Pool.hBuildPool (line 472)
  In parallel.internal.pool.doParpool (line 18)
  In parpool (line 89)
  In u12 (line 1)] 
connected to 18 workers.

ans = 

 Pool with properties: 

            Connected: true
           NumWorkers: 18
              Cluster: local
        AttachedFiles: {}
          IdleTimeout: 30 minutes (30 minutes remaining)
          SpmdEnabled: true


test_stat =

  307.3673


test_stat =

  225.1430


test_stat =

  317.3239


test_stat =

  251.5604


test_stat =

  208.0703


test_stat =

  251.5604


test_stat =

  317.3239


test_stat =

  317.3239


test_stat =

  317.3239


test_stat =

  269.2878


test_stat =

  227.7251


test_stat =

  219.3408


test_stat =

  237.1313


test_stat =

  227.7251


test_stat =

  224.8128


test_stat =

  237.1313


test_stat =

  237.1313


test_stat =

  219.3408

